app/build/outputs/logs/manifest-merger-debug-report.txt
-- Merging decision tree log ---
manifest
ADDED from src\main\AndroidManifest.xml:2:1-20:12
	package
		ADDED from src\main\AndroidManifest.xml:2:70-103
		INJECTED from src\main\AndroidManifest.xml
		INJECTED from src\main\AndroidManifest.xml
	android:versionName
		ADDED from src\main\AndroidManifest.xml:2:104-129
		INJECTED from src\main\AndroidManifest.xml
		INJECTED from src\main\AndroidManifest.xml
	android:versionCode
		ADDED from src\main\AndroidManifest.xml:2:130-153
		INJECTED from src\main\AndroidManifest.xml
		INJECTED from src\main\AndroidManifest.xml
	xmlns:android
		ADDED from src\main\AndroidManifest.xml:2:11-69
	android:installLocation
		ADDED from src\main\AndroidManifest.xml:2:154-194
supports-screens
ADDED from src\main\AndroidManifest.xml:3:3-163
	android:largeScreens
		ADDED from src\main\AndroidManifest.xml:3:78-105
	android:smallScreens
		ADDED from src\main\AndroidManifest.xml:3:21-48
	android:normalScreens
		ADDED from src\main\AndroidManifest.xml:3:49-77
	android:xlargeScreens
		ADDED from src\main\AndroidManifest.xml:3:106-134
	android:anyDensity
		ADDED from src\main\AndroidManifest.xml:3:135-160
application
ADDED from src\main\AndroidManifest.xml:4:3-12:17
	android:label
		ADDED from src\main\AndroidManifest.xml:4:92-124
	android:debuggable
		ADDED from src\main\AndroidManifest.xml:4:125-151
	android:icon
		ADDED from src\main\AndroidManifest.xml:4:58-91
	android:banner
		ADDED from src\main\AndroidManifest.xml:4:175-212
	android:theme
		ADDED from src\main\AndroidManifest.xml:4:16-57
	android:isGame
		ADDED from src\main\AndroidManifest.xml:4:152-174
activity#com.Navinival.navinival.UnityPlayerActivity
ADDED from src\main\AndroidManifest.xml:5:5-11:16
	android:screenOrientation
		ADDED from src\main\AndroidManifest.xml:5:48-84
	android:label
		ADDED from src\main\AndroidManifest.xml:5:15-47
	android:launchMode
		ADDED from src\main\AndroidManifest.xml:5:85-116
	android:configChanges
		ADDED from src\main\AndroidManifest.xml:5:117-274
	android:name
		ADDED from src\main\AndroidManifest.xml:5:275-333
intent-filter#android.intent.action.MAIN+android.intent.category.LAUNCHER
ADDED from src\main\AndroidManifest.xml:6:7-9:23
action#android.intent.action.MAIN
ADDED from src\main\AndroidManifest.xml:7:9-61
	android:name
		ADDED from src\main\AndroidManifest.xml:7:17-58
category#android.intent.category.LAUNCHER
ADDED from src\main\AndroidManifest.xml:8:9-69
	android:name
		ADDED from src\main\AndroidManifest.xml:8:19-66
meta-data#unityplayer.UnityActivity
ADDED from src\main\AndroidManifest.xml:10:7-82
	android:value
		ADDED from src\main\AndroidManifest.xml:10:59-79
	android:name
		ADDED from src\main\AndroidManifest.xml:10:18-58
uses-sdk
ADDED from src\main\AndroidManifest.xml:13:3-72
	android:targetSdkVersion
		ADDED from src\main\AndroidManifest.xml:13:40-69
		INJECTED from src\main\AndroidManifest.xml
		INJECTED from src\main\AndroidManifest.xml
	android:minSdkVersion
		ADDED from src\main\AndroidManifest.xml:13:13-39
		INJECTED from src\main\AndroidManifest.xml
		INJECTED from src\main\AndroidManifest.xml
uses-feature#0x00020000
ADDED from src\main\AndroidManifest.xml:14:3-52
	android:glEsVersion
		ADDED from src\main\AndroidManifest.xml:14:17-49
uses-permission#android.permission.INTERNET
ADDED from src\main\AndroidManifest.xml:15:3-65
	android:name
		ADDED from src\main\AndroidManifest.xml:15:20-62
uses-feature#android.hardware.sensor.accelerometer
ADDED from src\main\AndroidManifest.xml:16:3-97
	android:required
		ADDED from src\main\AndroidManifest.xml:16:70-94
	android:name
		ADDED from src\main\AndroidManifest.xml:16:17-69
uses-feature#android.hardware.touchscreen
ADDED from src\main\AndroidManifest.xml:17:3-88
	android:required
		ADDED from src\main\AndroidManifest.xml:17:61-85
	android:name
		ADDED from src\main\AndroidManifest.xml:17:17-60
uses-feature#android.hardware.touchscreen.multitouch
ADDED from src\main\AndroidManifest.xml:18:3-99
	android:required
		ADDED from src\main\AndroidManifest.xml:18:72-96
	android:name
		ADDED from src\main\AndroidManifest.xml:18:17-71
uses-feature#android.hardware.touchscreen.multitouch.distinct
ADDED from src\main\AndroidManifest.xml:19:3-108
	android:required
		ADDED from src\main\AndroidManifest.xml:19:81-105
	android:name
		ADDED from src\main\AndroidManifest.xml:19:17-80